[1.180s] Invoking command in '/home/ibrahim/ros2_ws/src/Visual_Odometry/Visual_Odometry': DEBUGINFOD_URLS=https://debuginfod.ubuntu.com PYTHONPATH=/home/ibrahim/ros2_ws/src/Visual_Odometry/build/Visual_Odometry/prefix_override:/usr/lib/python3/dist-packages/colcon_core/task/python/colcon_distutils_commands:/home/ibrahim/ros2_ws/src/Visual_Odometry/install/Visual_Odometry/lib/python3.12/site-packages:${PYTHONPATH} /usr/bin/python3 -W ignore:setup.py install is deprecated -W ignore:easy_install command is deprecated setup.py egg_info --egg-base ../build/Visual_Odometry build --build-base /home/ibrahim/ros2_ws/src/Visual_Odometry/build/Visual_Odometry/build install --record /home/ibrahim/ros2_ws/src/Visual_Odometry/build/Visual_Odometry/install.log --single-version-externally-managed install_data
[1.562s] running egg_info
[1.563s] creating ../build/Visual_Odometry/Visual_Odometry.egg-info
[1.589s] writing ../build/Visual_Odometry/Visual_Odometry.egg-info/PKG-INFO
[1.590s] writing dependency_links to ../build/Visual_Odometry/Visual_Odometry.egg-info/dependency_links.txt
[1.590s] writing requirements to ../build/Visual_Odometry/Visual_Odometry.egg-info/requires.txt
[1.590s] writing top-level names to ../build/Visual_Odometry/Visual_Odometry.egg-info/top_level.txt
[1.590s] writing manifest file '../build/Visual_Odometry/Visual_Odometry.egg-info/SOURCES.txt'
[1.649s] reading manifest file '../build/Visual_Odometry/Visual_Odometry.egg-info/SOURCES.txt'
[1.650s] writing manifest file '../build/Visual_Odometry/Visual_Odometry.egg-info/SOURCES.txt'
[1.650s] running build
[1.651s] running build_py
[1.651s] creating /home/ibrahim/ros2_ws/src/Visual_Odometry/build/Visual_Odometry/build
[1.651s] creating /home/ibrahim/ros2_ws/src/Visual_Odometry/build/Visual_Odometry/build/lib
[1.651s] creating /home/ibrahim/ros2_ws/src/Visual_Odometry/build/Visual_Odometry/build/lib/Visual_Odometry
[1.652s] copying Visual_Odometry/__init__.py -> /home/ibrahim/ros2_ws/src/Visual_Odometry/build/Visual_Odometry/build/lib/Visual_Odometry
[1.652s] running install
[1.659s] running install_lib
[1.687s] creating /home/ibrahim/ros2_ws/src/Visual_Odometry/install/Visual_Odometry/lib/python3.12/site-packages/Visual_Odometry
[1.688s] copying /home/ibrahim/ros2_ws/src/Visual_Odometry/build/Visual_Odometry/build/lib/Visual_Odometry/__init__.py -> /home/ibrahim/ros2_ws/src/Visual_Odometry/install/Visual_Odometry/lib/python3.12/site-packages/Visual_Odometry
[1.688s] byte-compiling /home/ibrahim/ros2_ws/src/Visual_Odometry/install/Visual_Odometry/lib/python3.12/site-packages/Visual_Odometry/__init__.py to __init__.cpython-312.pyc
[1.688s] running install_data
[1.689s] creating /home/ibrahim/ros2_ws/src/Visual_Odometry/install/Visual_Odometry/share/ament_index
[1.689s] creating /home/ibrahim/ros2_ws/src/Visual_Odometry/install/Visual_Odometry/share/ament_index/resource_index
[1.689s] creating /home/ibrahim/ros2_ws/src/Visual_Odometry/install/Visual_Odometry/share/ament_index/resource_index/packages
[1.690s] copying resource/Visual_Odometry -> /home/ibrahim/ros2_ws/src/Visual_Odometry/install/Visual_Odometry/share/ament_index/resource_index/packages
[1.690s] copying package.xml -> /home/ibrahim/ros2_ws/src/Visual_Odometry/install/Visual_Odometry/share/Visual_Odometry
[1.690s] running install_egg_info
[1.722s] Copying ../build/Visual_Odometry/Visual_Odometry.egg-info to /home/ibrahim/ros2_ws/src/Visual_Odometry/install/Visual_Odometry/lib/python3.12/site-packages/Visual_Odometry-0.0.0-py3.12.egg-info
[1.722s] running install_scripts
[1.908s] writing list of installed files to '/home/ibrahim/ros2_ws/src/Visual_Odometry/build/Visual_Odometry/install.log'
[1.957s] Invoked command in '/home/ibrahim/ros2_ws/src/Visual_Odometry/Visual_Odometry' returned '0': DEBUGINFOD_URLS=https://debuginfod.ubuntu.com PYTHONPATH=/home/ibrahim/ros2_ws/src/Visual_Odometry/build/Visual_Odometry/prefix_override:/usr/lib/python3/dist-packages/colcon_core/task/python/colcon_distutils_commands:/home/ibrahim/ros2_ws/src/Visual_Odometry/install/Visual_Odometry/lib/python3.12/site-packages:${PYTHONPATH} /usr/bin/python3 -W ignore:setup.py install is deprecated -W ignore:easy_install command is deprecated setup.py egg_info --egg-base ../build/Visual_Odometry build --build-base /home/ibrahim/ros2_ws/src/Visual_Odometry/build/Visual_Odometry/build install --record /home/ibrahim/ros2_ws/src/Visual_Odometry/build/Visual_Odometry/install.log --single-version-externally-managed install_data
