running develop
running egg_info
creating gui_pkg.egg-info
writing gui_pkg.egg-info/PKG-INFO
writing dependency_links to gui_pkg.egg-info/dependency_links.txt
writing entry points to gui_pkg.egg-info/entry_points.txt
writing requirements to gui_pkg.egg-info/requires.txt
writing top-level names to gui_pkg.egg-info/top_level.txt
writing manifest file 'gui_pkg.egg-info/SOURCES.txt'
reading manifest file 'gui_pkg.egg-info/SOURCES.txt'
writing manifest file 'gui_pkg.egg-info/SOURCES.txt'
running build_ext
Creating /home/reem/ERC25_navigation/install/gui_pkg/lib/python3.12/site-packages/gui-pkg.egg-link (link to .)
Installing batgui script to /home/reem/ERC25_navigation/install/gui_pkg/lib/gui_pkg
Installing joy_to_motion script to /home/reem/ERC25_navigation/install/gui_pkg/lib/gui_pkg
Installing keyboard_to_twist script to /home/reem/ERC25_navigation/install/gui_pkg/lib/gui_pkg
Installing new_gui script to /home/reem/ERC25_navigation/install/gui_pkg/lib/gui_pkg

Installed /home/reem/ERC25_navigation/build/gui_pkg
running symlink_data
creating /home/reem/ERC25_navigation/install/gui_pkg/share/ament_index
creating /home/reem/ERC25_navigation/install/gui_pkg/share/ament_index/resource_index
creating /home/reem/ERC25_navigation/install/gui_pkg/share/ament_index/resource_index/packages
symbolically linking /home/reem/ERC25_navigation/build/gui_pkg/resource/gui_pkg -> /home/reem/ERC25_navigation/install/gui_pkg/share/ament_index/resource_index/packages
symbolically linking /home/reem/ERC25_navigation/build/gui_pkg/package.xml -> /home/reem/ERC25_navigation/install/gui_pkg/share/gui_pkg
