[1.335s] Invoking command in '/home/reem/ERC25_navigation/build/gui_pkg': DEBUGINFOD_URLS=https://debuginfod.ubuntu.com PYTHONPATH=/home/reem/ERC25_navigation/build/gui_pkg/prefix_override:/usr/lib/python3/dist-packages/colcon_core/task/python/colcon_distutils_commands:/home/reem/ERC25_navigation/install/gui_pkg/lib/python3.12/site-packages:${PYTHONPATH} /usr/bin/python3 -W ignore:setup.py install is deprecated -W ignore:easy_install command is deprecated setup.py develop --editable --build-directory /home/reem/ERC25_navigation/build/gui_pkg/build --no-deps symlink_data
[1.782s] running develop
[2.079s] running egg_info
[2.079s] creating gui_pkg.egg-info
[2.107s] writing gui_pkg.egg-info/PKG-INFO
[2.107s] writing dependency_links to gui_pkg.egg-info/dependency_links.txt
[2.107s] writing entry points to gui_pkg.egg-info/entry_points.txt
[2.108s] writing requirements to gui_pkg.egg-info/requires.txt
[2.108s] writing top-level names to gui_pkg.egg-info/top_level.txt
[2.108s] writing manifest file 'gui_pkg.egg-info/SOURCES.txt'
[2.168s] reading manifest file 'gui_pkg.egg-info/SOURCES.txt'
[2.169s] writing manifest file 'gui_pkg.egg-info/SOURCES.txt'
[2.198s] running build_ext
[2.198s] Creating /home/reem/ERC25_navigation/install/gui_pkg/lib/python3.12/site-packages/gui-pkg.egg-link (link to .)
[2.199s] Installing batgui script to /home/reem/ERC25_navigation/install/gui_pkg/lib/gui_pkg
[2.199s] Installing joy_to_motion script to /home/reem/ERC25_navigation/install/gui_pkg/lib/gui_pkg
[2.199s] Installing keyboard_to_twist script to /home/reem/ERC25_navigation/install/gui_pkg/lib/gui_pkg
[2.200s] Installing new_gui script to /home/reem/ERC25_navigation/install/gui_pkg/lib/gui_pkg
[2.200s] 
[2.200s] Installed /home/reem/ERC25_navigation/build/gui_pkg
[2.200s] running symlink_data
[2.200s] creating /home/reem/ERC25_navigation/install/gui_pkg/share/ament_index
[2.201s] creating /home/reem/ERC25_navigation/install/gui_pkg/share/ament_index/resource_index
[2.201s] creating /home/reem/ERC25_navigation/install/gui_pkg/share/ament_index/resource_index/packages
[2.201s] symbolically linking /home/reem/ERC25_navigation/build/gui_pkg/resource/gui_pkg -> /home/reem/ERC25_navigation/install/gui_pkg/share/ament_index/resource_index/packages
[2.201s] symbolically linking /home/reem/ERC25_navigation/build/gui_pkg/package.xml -> /home/reem/ERC25_navigation/install/gui_pkg/share/gui_pkg
[2.244s] Invoked command in '/home/reem/ERC25_navigation/build/gui_pkg' returned '0': DEBUGINFOD_URLS=https://debuginfod.ubuntu.com PYTHONPATH=/home/reem/ERC25_navigation/build/gui_pkg/prefix_override:/usr/lib/python3/dist-packages/colcon_core/task/python/colcon_distutils_commands:/home/reem/ERC25_navigation/install/gui_pkg/lib/python3.12/site-packages:${PYTHONPATH} /usr/bin/python3 -W ignore:setup.py install is deprecated -W ignore:easy_install command is deprecated setup.py develop --editable --build-directory /home/reem/ERC25_navigation/build/gui_pkg/build --no-deps symlink_data
