[0.225s] DEBUG:colcon:Command line arguments: ['/usr/bin/colcon', 'build', '--symlink-install', '--packages-select', 'gui_pkg']
[0.225s] DEBUG:colcon:Parsed command line arguments: Namespace(log_base=None, log_level=None, verb_name='build', build_base='build', install_base='install', merge_install=False, symlink_install=True, test_result_base=None, continue_on_error=False, executor='parallel', parallel_workers=8, event_handlers=None, ignore_user_meta=False, metas=['./colcon.meta'], base_paths=['.'], packages_ignore=None, packages_ignore_regex=None, paths=None, packages_up_to=None, packages_up_to_regex=None, packages_above=None, packages_above_and_dependencies=None, packages_above_depth=None, packages_select_by_dep=None, packages_skip_by_dep=None, packages_skip_up_to=None, packages_select_build_failed=False, packages_skip_build_finished=False, packages_select_test_failures=False, packages_skip_test_passed=False, packages_select=['gui_pkg'], packages_skip=None, packages_select_regex=None, packages_skip_regex=None, packages_start=None, packages_end=None, allow_overriding=[], cmake_args=None, cmake_target=None, cmake_target_skip_unavailable=False, cmake_clean_cache=False, cmake_clean_first=False, cmake_force_configure=False, ament_cmake_args=None, catkin_cmake_args=None, catkin_skip_building_tests=False, mixin_files=None, mixin=None, verb_parser=<colcon_mixin.mixin.mixin_argument.MixinArgumentDecorator object at 0x7cddfc1e86b0>, verb_extension=<colcon_core.verb.build.BuildVerb object at 0x7cddfc1e8110>, main=<bound method BuildVerb.main of <colcon_core.verb.build.BuildVerb object at 0x7cddfc1e8110>>, mixin_verb=('build',))
[0.278s] Level 1:colcon.colcon_core.package_discovery:discover_packages(colcon_meta) check parameters
[0.279s] Level 1:colcon.colcon_core.package_discovery:discover_packages(recursive) check parameters
[0.279s] Level 1:colcon.colcon_core.package_discovery:discover_packages(ignore) check parameters
[0.279s] Level 1:colcon.colcon_core.package_discovery:discover_packages(path) check parameters
[0.279s] Level 1:colcon.colcon_core.package_discovery:discover_packages(colcon_meta) discover
[0.279s] Level 1:colcon.colcon_core.package_discovery:discover_packages(recursive) discover
[0.279s] INFO:colcon.colcon_core.package_discovery:Crawling recursively for packages in '/home/reem/ERC25_navigation'
[0.279s] Level 1:colcon.colcon_core.package_identification:_identify(.) by extensions ['ignore', 'ignore_ament_install']
[0.279s] Level 1:colcon.colcon_core.package_identification:_identify(.) by extension 'ignore'
[0.279s] Level 1:colcon.colcon_core.package_identification:_identify(.) by extension 'ignore_ament_install'
[0.279s] Level 1:colcon.colcon_core.package_identification:_identify(.) by extensions ['colcon_pkg']
[0.279s] Level 1:colcon.colcon_core.package_identification:_identify(.) by extension 'colcon_pkg'
[0.279s] Level 1:colcon.colcon_core.package_identification:_identify(.) by extensions ['colcon_meta']
[0.279s] Level 1:colcon.colcon_core.package_identification:_identify(.) by extension 'colcon_meta'
[0.279s] Level 1:colcon.colcon_core.package_identification:_identify(.) by extensions ['ros']
[0.279s] Level 1:colcon.colcon_core.package_identification:_identify(.) by extension 'ros'
[0.312s] Level 1:colcon.colcon_core.package_identification:_identify(.) by extensions ['cmake', 'python']
[0.312s] Level 1:colcon.colcon_core.package_identification:_identify(.) by extension 'cmake'
[0.312s] Level 1:colcon.colcon_core.package_identification:_identify(.) by extension 'python'
[0.312s] Level 1:colcon.colcon_core.package_identification:_identify(.) by extensions ['python_setup_py']
[0.312s] Level 1:colcon.colcon_core.package_identification:_identify(.) by extension 'python_setup_py'
[0.312s] Level 1:colcon.colcon_core.package_identification:_identify(arduino) by extensions ['ignore', 'ignore_ament_install']
[0.313s] Level 1:colcon.colcon_core.package_identification:_identify(arduino) by extension 'ignore'
[0.313s] Level 1:colcon.colcon_core.package_identification:_identify(arduino) by extension 'ignore_ament_install'
[0.313s] Level 1:colcon.colcon_core.package_identification:_identify(arduino) by extensions ['colcon_pkg']
[0.313s] Level 1:colcon.colcon_core.package_identification:_identify(arduino) by extension 'colcon_pkg'
[0.313s] Level 1:colcon.colcon_core.package_identification:_identify(arduino) by extensions ['colcon_meta']
[0.313s] Level 1:colcon.colcon_core.package_identification:_identify(arduino) by extension 'colcon_meta'
[0.313s] Level 1:colcon.colcon_core.package_identification:_identify(arduino) by extensions ['ros']
[0.313s] Level 1:colcon.colcon_core.package_identification:_identify(arduino) by extension 'ros'
[0.313s] Level 1:colcon.colcon_core.package_identification:_identify(arduino) by extensions ['cmake', 'python']
[0.313s] Level 1:colcon.colcon_core.package_identification:_identify(arduino) by extension 'cmake'
[0.313s] Level 1:colcon.colcon_core.package_identification:_identify(arduino) by extension 'python'
[0.313s] Level 1:colcon.colcon_core.package_identification:_identify(arduino) by extensions ['python_setup_py']
[0.313s] Level 1:colcon.colcon_core.package_identification:_identify(arduino) by extension 'python_setup_py'
[0.313s] Level 1:colcon.colcon_core.package_identification:_identify(aruco_tag_detection) by extensions ['ignore', 'ignore_ament_install']
[0.313s] Level 1:colcon.colcon_core.package_identification:_identify(aruco_tag_detection) by extension 'ignore'
[0.313s] Level 1:colcon.colcon_core.package_identification:_identify(aruco_tag_detection) by extension 'ignore_ament_install'
[0.314s] Level 1:colcon.colcon_core.package_identification:_identify(aruco_tag_detection) by extensions ['colcon_pkg']
[0.314s] Level 1:colcon.colcon_core.package_identification:_identify(aruco_tag_detection) by extension 'colcon_pkg'
[0.314s] Level 1:colcon.colcon_core.package_identification:_identify(aruco_tag_detection) by extensions ['colcon_meta']
[0.314s] Level 1:colcon.colcon_core.package_identification:_identify(aruco_tag_detection) by extension 'colcon_meta'
[0.314s] Level 1:colcon.colcon_core.package_identification:_identify(aruco_tag_detection) by extensions ['ros']
[0.314s] Level 1:colcon.colcon_core.package_identification:_identify(aruco_tag_detection) by extension 'ros'
[0.319s] DEBUG:colcon.colcon_core.package_identification:Package 'aruco_tag_detection' with type 'ros.ament_python' and name 'aruco_tag_detection'
[0.319s] Level 1:colcon.colcon_core.package_identification:_identify(build) by extensions ['ignore', 'ignore_ament_install']
[0.319s] Level 1:colcon.colcon_core.package_identification:_identify(build) by extension 'ignore'
[0.320s] Level 1:colcon.colcon_core.package_identification:_identify(build) ignored
[0.320s] Level 1:colcon.colcon_core.package_identification:_identify(global_costmap) by extensions ['ignore', 'ignore_ament_install']
[0.320s] Level 1:colcon.colcon_core.package_identification:_identify(global_costmap) by extension 'ignore'
[0.320s] Level 1:colcon.colcon_core.package_identification:_identify(global_costmap) by extension 'ignore_ament_install'
[0.320s] Level 1:colcon.colcon_core.package_identification:_identify(global_costmap) by extensions ['colcon_pkg']
[0.320s] Level 1:colcon.colcon_core.package_identification:_identify(global_costmap) by extension 'colcon_pkg'
[0.320s] Level 1:colcon.colcon_core.package_identification:_identify(global_costmap) by extensions ['colcon_meta']
[0.320s] Level 1:colcon.colcon_core.package_identification:_identify(global_costmap) by extension 'colcon_meta'
[0.320s] Level 1:colcon.colcon_core.package_identification:_identify(global_costmap) by extensions ['ros']
[0.320s] Level 1:colcon.colcon_core.package_identification:_identify(global_costmap) by extension 'ros'
[0.321s] DEBUG:colcon.colcon_core.package_identification:Package 'global_costmap' with type 'ros.ament_python' and name 'global_costmap'
[0.321s] Level 1:colcon.colcon_core.package_identification:_identify(global_planner) by extensions ['ignore', 'ignore_ament_install']
[0.321s] Level 1:colcon.colcon_core.package_identification:_identify(global_planner) by extension 'ignore'
[0.321s] Level 1:colcon.colcon_core.package_identification:_identify(global_planner) by extension 'ignore_ament_install'
[0.322s] Level 1:colcon.colcon_core.package_identification:_identify(global_planner) by extensions ['colcon_pkg']
[0.322s] Level 1:colcon.colcon_core.package_identification:_identify(global_planner) by extension 'colcon_pkg'
[0.322s] Level 1:colcon.colcon_core.package_identification:_identify(global_planner) by extensions ['colcon_meta']
[0.322s] Level 1:colcon.colcon_core.package_identification:_identify(global_planner) by extension 'colcon_meta'
[0.322s] Level 1:colcon.colcon_core.package_identification:_identify(global_planner) by extensions ['ros']
[0.322s] Level 1:colcon.colcon_core.package_identification:_identify(global_planner) by extension 'ros'
[0.323s] DEBUG:colcon.colcon_core.package_identification:Package 'global_planner' with type 'ros.ament_python' and name 'global_planner'
[0.323s] Level 1:colcon.colcon_core.package_identification:_identify(gui_pkg) by extensions ['ignore', 'ignore_ament_install']
[0.323s] Level 1:colcon.colcon_core.package_identification:_identify(gui_pkg) by extension 'ignore'
[0.323s] Level 1:colcon.colcon_core.package_identification:_identify(gui_pkg) by extension 'ignore_ament_install'
[0.323s] Level 1:colcon.colcon_core.package_identification:_identify(gui_pkg) by extensions ['colcon_pkg']
[0.323s] Level 1:colcon.colcon_core.package_identification:_identify(gui_pkg) by extension 'colcon_pkg'
[0.323s] Level 1:colcon.colcon_core.package_identification:_identify(gui_pkg) by extensions ['colcon_meta']
[0.323s] Level 1:colcon.colcon_core.package_identification:_identify(gui_pkg) by extension 'colcon_meta'
[0.323s] Level 1:colcon.colcon_core.package_identification:_identify(gui_pkg) by extensions ['ros']
[0.323s] Level 1:colcon.colcon_core.package_identification:_identify(gui_pkg) by extension 'ros'
[0.324s] DEBUG:colcon.colcon_core.package_identification:Package 'gui_pkg' with type 'ros.ament_python' and name 'gui_pkg'
[0.324s] Level 1:colcon.colcon_core.package_identification:_identify(image_compression_util) by extensions ['ignore', 'ignore_ament_install']
[0.325s] Level 1:colcon.colcon_core.package_identification:_identify(image_compression_util) by extension 'ignore'
[0.325s] Level 1:colcon.colcon_core.package_identification:_identify(image_compression_util) by extension 'ignore_ament_install'
[0.325s] Level 1:colcon.colcon_core.package_identification:_identify(image_compression_util) by extensions ['colcon_pkg']
[0.325s] Level 1:colcon.colcon_core.package_identification:_identify(image_compression_util) by extension 'colcon_pkg'
[0.325s] Level 1:colcon.colcon_core.package_identification:_identify(image_compression_util) by extensions ['colcon_meta']
[0.325s] Level 1:colcon.colcon_core.package_identification:_identify(image_compression_util) by extension 'colcon_meta'
[0.325s] Level 1:colcon.colcon_core.package_identification:_identify(image_compression_util) by extensions ['ros']
[0.325s] Level 1:colcon.colcon_core.package_identification:_identify(image_compression_util) by extension 'ros'
[0.325s] DEBUG:colcon.colcon_core.package_identification:Package 'image_compression_util' with type 'ros.ament_python' and name 'image_compression_util'
[0.325s] Level 1:colcon.colcon_core.package_identification:_identify(install) by extensions ['ignore', 'ignore_ament_install']
[0.325s] Level 1:colcon.colcon_core.package_identification:_identify(install) by extension 'ignore'
[0.326s] Level 1:colcon.colcon_core.package_identification:_identify(install) ignored
[0.326s] Level 1:colcon.colcon_core.package_identification:_identify(lidar_odometry) by extensions ['ignore', 'ignore_ament_install']
[0.326s] Level 1:colcon.colcon_core.package_identification:_identify(lidar_odometry) by extension 'ignore'
[0.326s] Level 1:colcon.colcon_core.package_identification:_identify(lidar_odometry) by extension 'ignore_ament_install'
[0.326s] Level 1:colcon.colcon_core.package_identification:_identify(lidar_odometry) by extensions ['colcon_pkg']
[0.326s] Level 1:colcon.colcon_core.package_identification:_identify(lidar_odometry) by extension 'colcon_pkg'
[0.326s] Level 1:colcon.colcon_core.package_identification:_identify(lidar_odometry) by extensions ['colcon_meta']
[0.326s] Level 1:colcon.colcon_core.package_identification:_identify(lidar_odometry) by extension 'colcon_meta'
[0.326s] Level 1:colcon.colcon_core.package_identification:_identify(lidar_odometry) by extensions ['ros']
[0.326s] Level 1:colcon.colcon_core.package_identification:_identify(lidar_odometry) by extension 'ros'
[0.327s] DEBUG:colcon.colcon_core.package_identification:Package 'lidar_odometry' with type 'ros.ament_python' and name 'lidar_odometry'
[0.327s] Level 1:colcon.colcon_core.package_identification:_identify(local_costmap) by extensions ['ignore', 'ignore_ament_install']
[0.327s] Level 1:colcon.colcon_core.package_identification:_identify(local_costmap) by extension 'ignore'
[0.327s] Level 1:colcon.colcon_core.package_identification:_identify(local_costmap) by extension 'ignore_ament_install'
[0.327s] Level 1:colcon.colcon_core.package_identification:_identify(local_costmap) by extensions ['colcon_pkg']
[0.327s] Level 1:colcon.colcon_core.package_identification:_identify(local_costmap) by extension 'colcon_pkg'
[0.327s] Level 1:colcon.colcon_core.package_identification:_identify(local_costmap) by extensions ['colcon_meta']
[0.327s] Level 1:colcon.colcon_core.package_identification:_identify(local_costmap) by extension 'colcon_meta'
[0.327s] Level 1:colcon.colcon_core.package_identification:_identify(local_costmap) by extensions ['ros']
[0.327s] Level 1:colcon.colcon_core.package_identification:_identify(local_costmap) by extension 'ros'
[0.328s] DEBUG:colcon.colcon_core.package_identification:Package 'local_costmap' with type 'ros.ament_python' and name 'local_costmap'
[0.328s] Level 1:colcon.colcon_core.package_identification:_identify(local_solver) by extensions ['ignore', 'ignore_ament_install']
[0.328s] Level 1:colcon.colcon_core.package_identification:_identify(local_solver) by extension 'ignore'
[0.328s] Level 1:colcon.colcon_core.package_identification:_identify(local_solver) by extension 'ignore_ament_install'
[0.328s] Level 1:colcon.colcon_core.package_identification:_identify(local_solver) by extensions ['colcon_pkg']
[0.328s] Level 1:colcon.colcon_core.package_identification:_identify(local_solver) by extension 'colcon_pkg'
[0.328s] Level 1:colcon.colcon_core.package_identification:_identify(local_solver) by extensions ['colcon_meta']
[0.328s] Level 1:colcon.colcon_core.package_identification:_identify(local_solver) by extension 'colcon_meta'
[0.328s] Level 1:colcon.colcon_core.package_identification:_identify(local_solver) by extensions ['ros']
[0.328s] Level 1:colcon.colcon_core.package_identification:_identify(local_solver) by extension 'ros'
[0.329s] DEBUG:colcon.colcon_core.package_identification:Package 'local_solver' with type 'ros.ament_cmake' and name 'local_solver'
[0.329s] Level 1:colcon.colcon_core.package_identification:_identify(localization) by extensions ['ignore', 'ignore_ament_install']
[0.329s] Level 1:colcon.colcon_core.package_identification:_identify(localization) by extension 'ignore'
[0.329s] Level 1:colcon.colcon_core.package_identification:_identify(localization) by extension 'ignore_ament_install'
[0.329s] Level 1:colcon.colcon_core.package_identification:_identify(localization) by extensions ['colcon_pkg']
[0.329s] Level 1:colcon.colcon_core.package_identification:_identify(localization) by extension 'colcon_pkg'
[0.330s] Level 1:colcon.colcon_core.package_identification:_identify(localization) by extensions ['colcon_meta']
[0.330s] Level 1:colcon.colcon_core.package_identification:_identify(localization) by extension 'colcon_meta'
[0.330s] Level 1:colcon.colcon_core.package_identification:_identify(localization) by extensions ['ros']
[0.330s] Level 1:colcon.colcon_core.package_identification:_identify(localization) by extension 'ros'
[0.331s] DEBUG:colcon.colcon_core.package_identification:Package 'localization' with type 'ros.ament_python' and name 'localization'
[0.331s] Level 1:colcon.colcon_core.package_identification:_identify(log) by extensions ['ignore', 'ignore_ament_install']
[0.331s] Level 1:colcon.colcon_core.package_identification:_identify(log) by extension 'ignore'
[0.331s] Level 1:colcon.colcon_core.package_identification:_identify(log) ignored
[0.331s] Level 1:colcon.colcon_core.package_identification:_identify(microcontroller) by extensions ['ignore', 'ignore_ament_install']
[0.331s] Level 1:colcon.colcon_core.package_identification:_identify(microcontroller) by extension 'ignore'
[0.331s] Level 1:colcon.colcon_core.package_identification:_identify(microcontroller) by extension 'ignore_ament_install'
[0.331s] Level 1:colcon.colcon_core.package_identification:_identify(microcontroller) by extensions ['colcon_pkg']
[0.331s] Level 1:colcon.colcon_core.package_identification:_identify(microcontroller) by extension 'colcon_pkg'
[0.331s] Level 1:colcon.colcon_core.package_identification:_identify(microcontroller) by extensions ['colcon_meta']
[0.331s] Level 1:colcon.colcon_core.package_identification:_identify(microcontroller) by extension 'colcon_meta'
[0.332s] Level 1:colcon.colcon_core.package_identification:_identify(microcontroller) by extensions ['ros']
[0.332s] Level 1:colcon.colcon_core.package_identification:_identify(microcontroller) by extension 'ros'
[0.332s] DEBUG:colcon.colcon_core.package_identification:Package 'microcontroller' with type 'ros.ament_python' and name 'microcontroller'
[0.333s] Level 1:colcon.colcon_core.package_identification:_identify(motion_controller) by extensions ['ignore', 'ignore_ament_install']
[0.333s] Level 1:colcon.colcon_core.package_identification:_identify(motion_controller) by extension 'ignore'
[0.333s] Level 1:colcon.colcon_core.package_identification:_identify(motion_controller) by extension 'ignore_ament_install'
[0.333s] Level 1:colcon.colcon_core.package_identification:_identify(motion_controller) by extensions ['colcon_pkg']
[0.333s] Level 1:colcon.colcon_core.package_identification:_identify(motion_controller) by extension 'colcon_pkg'
[0.333s] Level 1:colcon.colcon_core.package_identification:_identify(motion_controller) by extensions ['colcon_meta']
[0.333s] Level 1:colcon.colcon_core.package_identification:_identify(motion_controller) by extension 'colcon_meta'
[0.333s] Level 1:colcon.colcon_core.package_identification:_identify(motion_controller) by extensions ['ros']
[0.333s] Level 1:colcon.colcon_core.package_identification:_identify(motion_controller) by extension 'ros'
[0.334s] DEBUG:colcon.colcon_core.package_identification:Package 'motion_controller' with type 'ros.ament_python' and name 'motion_controller'
[0.334s] Level 1:colcon.colcon_core.package_identification:_identify(rovers_interfaces) by extensions ['ignore', 'ignore_ament_install']
[0.334s] Level 1:colcon.colcon_core.package_identification:_identify(rovers_interfaces) by extension 'ignore'
[0.334s] Level 1:colcon.colcon_core.package_identification:_identify(rovers_interfaces) by extension 'ignore_ament_install'
[0.334s] Level 1:colcon.colcon_core.package_identification:_identify(rovers_interfaces) by extensions ['colcon_pkg']
[0.334s] Level 1:colcon.colcon_core.package_identification:_identify(rovers_interfaces) by extension 'colcon_pkg'
[0.334s] Level 1:colcon.colcon_core.package_identification:_identify(rovers_interfaces) by extensions ['colcon_meta']
[0.334s] Level 1:colcon.colcon_core.package_identification:_identify(rovers_interfaces) by extension 'colcon_meta'
[0.334s] Level 1:colcon.colcon_core.package_identification:_identify(rovers_interfaces) by extensions ['ros']
[0.334s] Level 1:colcon.colcon_core.package_identification:_identify(rovers_interfaces) by extension 'ros'
[0.335s] DEBUG:colcon.colcon_core.package_identification:Package 'rovers_interfaces' with type 'ros.ament_cmake' and name 'rovers_interfaces'
[0.335s] Level 1:colcon.colcon_core.package_identification:_identify(visual_odometry) by extensions ['ignore', 'ignore_ament_install']
[0.335s] Level 1:colcon.colcon_core.package_identification:_identify(visual_odometry) by extension 'ignore'
[0.335s] Level 1:colcon.colcon_core.package_identification:_identify(visual_odometry) by extension 'ignore_ament_install'
[0.335s] Level 1:colcon.colcon_core.package_identification:_identify(visual_odometry) by extensions ['colcon_pkg']
[0.335s] Level 1:colcon.colcon_core.package_identification:_identify(visual_odometry) by extension 'colcon_pkg'
[0.336s] Level 1:colcon.colcon_core.package_identification:_identify(visual_odometry) by extensions ['colcon_meta']
[0.336s] Level 1:colcon.colcon_core.package_identification:_identify(visual_odometry) by extension 'colcon_meta'
[0.336s] Level 1:colcon.colcon_core.package_identification:_identify(visual_odometry) by extensions ['ros']
[0.336s] Level 1:colcon.colcon_core.package_identification:_identify(visual_odometry) by extension 'ros'
[0.336s] DEBUG:colcon.colcon_core.package_identification:Package 'visual_odometry' with type 'ros.ament_python' and name 'visual_odometry'
[0.337s] Level 1:colcon.colcon_core.package_identification:_identify(vo_cpp) by extensions ['ignore', 'ignore_ament_install']
[0.337s] Level 1:colcon.colcon_core.package_identification:_identify(vo_cpp) by extension 'ignore'
[0.337s] Level 1:colcon.colcon_core.package_identification:_identify(vo_cpp) by extension 'ignore_ament_install'
[0.337s] Level 1:colcon.colcon_core.package_identification:_identify(vo_cpp) by extensions ['colcon_pkg']
[0.337s] Level 1:colcon.colcon_core.package_identification:_identify(vo_cpp) by extension 'colcon_pkg'
[0.337s] Level 1:colcon.colcon_core.package_identification:_identify(vo_cpp) by extensions ['colcon_meta']
[0.337s] Level 1:colcon.colcon_core.package_identification:_identify(vo_cpp) by extension 'colcon_meta'
[0.337s] Level 1:colcon.colcon_core.package_identification:_identify(vo_cpp) by extensions ['ros']
[0.337s] Level 1:colcon.colcon_core.package_identification:_identify(vo_cpp) by extension 'ros'
[0.339s] DEBUG:colcon.colcon_core.package_identification:Package 'vo_cpp' with type 'ros.ament_cmake' and name 'vo_cpp'
[0.339s] Level 1:colcon.colcon_core.package_discovery:discover_packages(recursive) using defaults
[0.339s] Level 1:colcon.colcon_core.package_discovery:discover_packages(ignore) discover
[0.339s] Level 1:colcon.colcon_core.package_discovery:discover_packages(ignore) using defaults
[0.339s] Level 1:colcon.colcon_core.package_discovery:discover_packages(path) discover
[0.339s] Level 1:colcon.colcon_core.package_discovery:discover_packages(path) using defaults
[0.367s] INFO:colcon.colcon_core.package_selection:Skipping not selected package 'aruco_tag_detection' in 'aruco_tag_detection'
[0.367s] INFO:colcon.colcon_core.package_selection:Skipping not selected package 'global_costmap' in 'global_costmap'
[0.367s] INFO:colcon.colcon_core.package_selection:Skipping not selected package 'global_planner' in 'global_planner'
[0.367s] INFO:colcon.colcon_core.package_selection:Skipping not selected package 'image_compression_util' in 'image_compression_util'
[0.367s] INFO:colcon.colcon_core.package_selection:Skipping not selected package 'lidar_odometry' in 'lidar_odometry'
[0.367s] INFO:colcon.colcon_core.package_selection:Skipping not selected package 'local_costmap' in 'local_costmap'
[0.367s] INFO:colcon.colcon_core.package_selection:Skipping not selected package 'local_solver' in 'local_solver'
[0.367s] INFO:colcon.colcon_core.package_selection:Skipping not selected package 'microcontroller' in 'microcontroller'
[0.367s] INFO:colcon.colcon_core.package_selection:Skipping not selected package 'motion_controller' in 'motion_controller'
[0.367s] INFO:colcon.colcon_core.package_selection:Skipping not selected package 'rovers_interfaces' in 'rovers_interfaces'
[0.367s] INFO:colcon.colcon_core.package_selection:Skipping not selected package 'visual_odometry' in 'visual_odometry'
[0.367s] INFO:colcon.colcon_core.package_selection:Skipping not selected package 'vo_cpp' in 'vo_cpp'
[0.367s] INFO:colcon.colcon_core.package_selection:Skipping not selected package 'localization' in 'localization'
[0.368s] Level 1:colcon.colcon_core.package_discovery:discover_packages(prefix_path) check parameters
[0.369s] Level 1:colcon.colcon_core.package_discovery:discover_packages(prefix_path) discover
[0.373s] DEBUG:colcon.colcon_installed_package_information.package_discovery:Found 2 installed packages in /home/reem/ros2/install
[0.376s] DEBUG:colcon.colcon_installed_package_information.package_discovery:Found 469 installed packages in /opt/ros/jazzy
[0.378s] Level 1:colcon.colcon_core.package_discovery:discover_packages(prefix_path) using defaults
[0.453s] Level 5:colcon.colcon_core.verb:set package 'gui_pkg' build argument 'cmake_args' from command line to 'None'
[0.453s] Level 5:colcon.colcon_core.verb:set package 'gui_pkg' build argument 'cmake_target' from command line to 'None'
[0.453s] Level 5:colcon.colcon_core.verb:set package 'gui_pkg' build argument 'cmake_target_skip_unavailable' from command line to 'False'
[0.453s] Level 5:colcon.colcon_core.verb:set package 'gui_pkg' build argument 'cmake_clean_cache' from command line to 'False'
[0.453s] Level 5:colcon.colcon_core.verb:set package 'gui_pkg' build argument 'cmake_clean_first' from command line to 'False'
[0.453s] Level 5:colcon.colcon_core.verb:set package 'gui_pkg' build argument 'cmake_force_configure' from command line to 'False'
[0.453s] Level 5:colcon.colcon_core.verb:set package 'gui_pkg' build argument 'ament_cmake_args' from command line to 'None'
[0.453s] Level 5:colcon.colcon_core.verb:set package 'gui_pkg' build argument 'catkin_cmake_args' from command line to 'None'
[0.453s] Level 5:colcon.colcon_core.verb:set package 'gui_pkg' build argument 'catkin_skip_building_tests' from command line to 'False'
[0.453s] DEBUG:colcon.colcon_core.verb:Building package 'gui_pkg' with the following arguments: {'ament_cmake_args': None, 'build_base': '/home/reem/ERC25_navigation/build/gui_pkg', 'catkin_cmake_args': None, 'catkin_skip_building_tests': False, 'cmake_args': None, 'cmake_clean_cache': False, 'cmake_clean_first': False, 'cmake_force_configure': False, 'cmake_target': None, 'cmake_target_skip_unavailable': False, 'install_base': '/home/reem/ERC25_navigation/install/gui_pkg', 'merge_install': False, 'path': '/home/reem/ERC25_navigation/gui_pkg', 'symlink_install': True, 'test_result_base': None}
[0.453s] INFO:colcon.colcon_core.executor:Executing jobs using 'parallel' executor
[0.454s] DEBUG:colcon.colcon_parallel_executor.executor.parallel:run_until_complete
[0.455s] INFO:colcon.colcon_ros.task.ament_python.build:Building ROS package in '/home/reem/ERC25_navigation/gui_pkg' with build type 'ament_python'
[0.455s] Level 1:colcon.colcon_core.shell:create_environment_hook('gui_pkg', 'ament_prefix_path')
[0.462s] INFO:colcon.colcon_core.plugin_system:Skipping extension 'colcon_core.shell.bat': Not used on non-Windows systems
[0.462s] INFO:colcon.colcon_core.shell:Creating environment hook '/home/reem/ERC25_navigation/install/gui_pkg/share/gui_pkg/hook/ament_prefix_path.ps1'
[0.464s] INFO:colcon.colcon_core.shell:Creating environment descriptor '/home/reem/ERC25_navigation/install/gui_pkg/share/gui_pkg/hook/ament_prefix_path.dsv'
[0.464s] INFO:colcon.colcon_core.shell:Creating environment hook '/home/reem/ERC25_navigation/install/gui_pkg/share/gui_pkg/hook/ament_prefix_path.sh'
[0.465s] INFO:colcon.colcon_core.shell:Skip shell extension 'powershell' for command environment: Not usable outside of PowerShell
[0.465s] DEBUG:colcon.colcon_core.shell:Skip shell extension 'dsv' for command environment
[0.773s] INFO:colcon.colcon_core.task.python.build:Building Python package in '/home/reem/ERC25_navigation/gui_pkg'
[0.773s] INFO:colcon.colcon_core.shell:Skip shell extension 'powershell' for command environment: Not usable outside of PowerShell
[0.773s] DEBUG:colcon.colcon_core.shell:Skip shell extension 'dsv' for command environment
[1.791s] DEBUG:colcon.colcon_core.event_handler.log_command:Invoking command in '/home/reem/ERC25_navigation/build/gui_pkg': DEBUGINFOD_URLS=https://debuginfod.ubuntu.com PYTHONPATH=/home/reem/ERC25_navigation/build/gui_pkg/prefix_override:/usr/lib/python3/dist-packages/colcon_core/task/python/colcon_distutils_commands:/home/reem/ERC25_navigation/install/gui_pkg/lib/python3.12/site-packages:${PYTHONPATH} /usr/bin/python3 -W ignore:setup.py install is deprecated -W ignore:easy_install command is deprecated setup.py develop --editable --build-directory /home/reem/ERC25_navigation/build/gui_pkg/build --no-deps symlink_data
[2.699s] Level 1:colcon.colcon_core.shell:create_environment_hook('gui_pkg', 'pythonpath_develop')
[2.699s] INFO:colcon.colcon_core.shell:Creating environment hook '/home/reem/ERC25_navigation/build/gui_pkg/share/gui_pkg/hook/pythonpath_develop.ps1'
[2.700s] DEBUG:colcon.colcon_core.event_handler.log_command:Invoked command in '/home/reem/ERC25_navigation/build/gui_pkg' returned '0': DEBUGINFOD_URLS=https://debuginfod.ubuntu.com PYTHONPATH=/home/reem/ERC25_navigation/build/gui_pkg/prefix_override:/usr/lib/python3/dist-packages/colcon_core/task/python/colcon_distutils_commands:/home/reem/ERC25_navigation/install/gui_pkg/lib/python3.12/site-packages:${PYTHONPATH} /usr/bin/python3 -W ignore:setup.py install is deprecated -W ignore:easy_install command is deprecated setup.py develop --editable --build-directory /home/reem/ERC25_navigation/build/gui_pkg/build --no-deps symlink_data
[2.701s] INFO:colcon.colcon_core.shell:Creating environment descriptor '/home/reem/ERC25_navigation/build/gui_pkg/share/gui_pkg/hook/pythonpath_develop.dsv'
[2.701s] INFO:colcon.colcon_core.shell:Creating environment hook '/home/reem/ERC25_navigation/build/gui_pkg/share/gui_pkg/hook/pythonpath_develop.sh'
[2.708s] Level 1:colcon.colcon_core.environment:checking '/home/reem/ERC25_navigation/install/gui_pkg' for CMake module files
[2.709s] Level 1:colcon.colcon_core.environment:checking '/home/reem/ERC25_navigation/install/gui_pkg' for CMake config files
[2.710s] Level 1:colcon.colcon_core.environment:checking '/home/reem/ERC25_navigation/install/gui_pkg/lib'
[2.710s] Level 1:colcon.colcon_core.environment:checking '/home/reem/ERC25_navigation/install/gui_pkg/bin'
[2.710s] Level 1:colcon.colcon_core.environment:checking '/home/reem/ERC25_navigation/install/gui_pkg/lib/pkgconfig/gui_pkg.pc'
[2.710s] Level 1:colcon.colcon_core.environment:checking '/home/reem/ERC25_navigation/install/gui_pkg/lib/python3.12/site-packages'
[2.710s] Level 1:colcon.colcon_core.shell:create_environment_hook('gui_pkg', 'pythonpath')
[2.710s] INFO:colcon.colcon_core.shell:Creating environment hook '/home/reem/ERC25_navigation/install/gui_pkg/share/gui_pkg/hook/pythonpath.ps1'
[2.711s] INFO:colcon.colcon_core.shell:Creating environment descriptor '/home/reem/ERC25_navigation/install/gui_pkg/share/gui_pkg/hook/pythonpath.dsv'
[2.711s] INFO:colcon.colcon_core.shell:Creating environment hook '/home/reem/ERC25_navigation/install/gui_pkg/share/gui_pkg/hook/pythonpath.sh'
[2.712s] Level 1:colcon.colcon_core.environment:checking '/home/reem/ERC25_navigation/install/gui_pkg/bin'
[2.712s] Level 1:colcon.colcon_core.environment:create_environment_scripts_only(gui_pkg)
[2.712s] INFO:colcon.colcon_core.shell:Creating package script '/home/reem/ERC25_navigation/install/gui_pkg/share/gui_pkg/package.ps1'
[2.714s] INFO:colcon.colcon_core.shell:Creating package descriptor '/home/reem/ERC25_navigation/install/gui_pkg/share/gui_pkg/package.dsv'
[2.715s] INFO:colcon.colcon_core.shell:Creating package script '/home/reem/ERC25_navigation/install/gui_pkg/share/gui_pkg/package.sh'
[2.716s] INFO:colcon.colcon_core.shell:Creating package script '/home/reem/ERC25_navigation/install/gui_pkg/share/gui_pkg/package.bash'
[2.718s] INFO:colcon.colcon_core.shell:Creating package script '/home/reem/ERC25_navigation/install/gui_pkg/share/gui_pkg/package.zsh'
[2.719s] Level 1:colcon.colcon_core.environment:create_file_with_runtime_dependencies(/home/reem/ERC25_navigation/install/gui_pkg/share/colcon-core/packages/gui_pkg)
[2.719s] DEBUG:colcon.colcon_parallel_executor.executor.parallel:closing loop
[2.719s] DEBUG:colcon.colcon_parallel_executor.executor.parallel:loop closed
[2.720s] DEBUG:colcon.colcon_parallel_executor.executor.parallel:run_until_complete finished with '0'
[2.720s] DEBUG:colcon.colcon_core.event_reactor:joining thread
[2.751s] INFO:colcon.colcon_core.plugin_system:Skipping extension 'colcon_notification.desktop_notification.terminal_notifier': Not used on non-Darwin systems
[2.751s] INFO:colcon.colcon_core.plugin_system:Skipping extension 'colcon_notification.desktop_notification.win32': Not used on non-Windows systems
[2.751s] INFO:colcon.colcon_notification.desktop_notification:Sending desktop notification using 'notify2'
[2.770s] DEBUG:colcon.colcon_core.event_reactor:joined thread
[2.771s] INFO:colcon.colcon_core.shell:Creating prefix script '/home/reem/ERC25_navigation/install/local_setup.ps1'
[2.772s] INFO:colcon.colcon_core.shell:Creating prefix util module '/home/reem/ERC25_navigation/install/_local_setup_util_ps1.py'
[2.773s] INFO:colcon.colcon_core.shell:Creating prefix chain script '/home/reem/ERC25_navigation/install/setup.ps1'
[2.775s] INFO:colcon.colcon_core.shell:Creating prefix script '/home/reem/ERC25_navigation/install/local_setup.sh'
[2.775s] INFO:colcon.colcon_core.shell:Creating prefix util module '/home/reem/ERC25_navigation/install/_local_setup_util_sh.py'
[2.776s] INFO:colcon.colcon_core.shell:Creating prefix chain script '/home/reem/ERC25_navigation/install/setup.sh'
[2.778s] INFO:colcon.colcon_core.shell:Creating prefix script '/home/reem/ERC25_navigation/install/local_setup.bash'
[2.779s] INFO:colcon.colcon_core.shell:Creating prefix chain script '/home/reem/ERC25_navigation/install/setup.bash'
[2.780s] INFO:colcon.colcon_core.shell:Creating prefix script '/home/reem/ERC25_navigation/install/local_setup.zsh'
[2.781s] INFO:colcon.colcon_core.shell:Creating prefix chain script '/home/reem/ERC25_navigation/install/setup.zsh'
